<?xml version="1.0" encoding="UTF-8"?>
<testsuite name="com.albertocamillo.api.ApiApplicationTests" tests="1" skipped="0" failures="0" errors="0" timestamp="2019-05-15T11:01:18" hostname="Albertos-MBP.lan" time="0.469">
  <properties/>
  <testcase name="contextLoads" classname="com.albertocamillo.api.ApiApplicationTests" time="0.469"/>
  <system-out><![CDATA[21:01:18.035 [Test worker] DEBUG org.springframework.test.context.junit4.SpringJUnit4ClassRunner - SpringJUnit4ClassRunner constructor called with [class com.albertocamillo.api.ApiApplicationTests]
21:01:18.043 [Test worker] DEBUG org.springframework.test.context.BootstrapUtils - Instantiating CacheAwareContextLoaderDelegate from class [org.springframework.test.context.cache.DefaultCacheAwareContextLoaderDelegate]
21:01:18.052 [Test worker] DEBUG org.springframework.test.context.BootstrapUtils - Instantiating BootstrapContext using constructor [public org.springframework.test.context.support.DefaultBootstrapContext(java.lang.Class,org.springframework.test.context.CacheAwareContextLoaderDelegate)]
21:01:18.067 [Test worker] DEBUG org.springframework.test.context.BootstrapUtils - Instantiating TestContextBootstrapper for test class [com.albertocamillo.api.ApiApplicationTests] from class [org.springframework.boot.test.context.SpringBootTestContextBootstrapper]
21:01:18.078 [Test worker] INFO org.springframework.boot.test.context.SpringBootTestContextBootstrapper - Neither @ContextConfiguration nor @ContextHierarchy found for test class [com.albertocamillo.api.ApiApplicationTests], using SpringBootContextLoader
21:01:18.080 [Test worker] DEBUG org.springframework.test.context.support.AbstractContextLoader - Did not detect default resource location for test class [com.albertocamillo.api.ApiApplicationTests]: class path resource [com/albertocamillo/api/ApiApplicationTests-context.xml] does not exist
21:01:18.082 [Test worker] DEBUG org.springframework.test.context.support.AbstractContextLoader - Did not detect default resource location for test class [com.albertocamillo.api.ApiApplicationTests]: class path resource [com/albertocamillo/api/ApiApplicationTestsContext.groovy] does not exist
21:01:18.082 [Test worker] INFO org.springframework.test.context.support.AbstractContextLoader - Could not detect default resource locations for test class [com.albertocamillo.api.ApiApplicationTests]: no resource found for suffixes {-context.xml, Context.groovy}.
21:01:18.083 [Test worker] INFO org.springframework.test.context.support.AnnotationConfigContextLoaderUtils - Could not detect default configuration classes for test class [com.albertocamillo.api.ApiApplicationTests]: ApiApplicationTests does not declare any static, non-private, non-final, nested classes annotated with @Configuration.
21:01:18.126 [Test worker] DEBUG org.springframework.test.context.support.ActiveProfilesUtils - Could not find an 'annotation declaring class' for annotation type [org.springframework.test.context.ActiveProfiles] and class [com.albertocamillo.api.ApiApplicationTests]
21:01:18.189 [Test worker] DEBUG org.springframework.context.annotation.ClassPathScanningCandidateComponentProvider - Identified candidate component class: file [/Users/albertocamillo/Documents/Kotlin/projects/api/build/classes/kotlin/main/com/albertocamillo/api/ApiApplication.class]
21:01:18.192 [Test worker] INFO org.springframework.boot.test.context.SpringBootTestContextBootstrapper - Found @SpringBootConfiguration com.albertocamillo.api.ApiApplication for test class com.albertocamillo.api.ApiApplicationTests
21:01:18.266 [Test worker] DEBUG org.springframework.boot.test.context.SpringBootTestContextBootstrapper - @TestExecutionListeners is not present for class [com.albertocamillo.api.ApiApplicationTests]: using defaults.
21:01:18.267 [Test worker] INFO org.springframework.boot.test.context.SpringBootTestContextBootstrapper - Loaded default TestExecutionListener class names from location [META-INF/spring.factories]: [org.springframework.boot.test.autoconfigure.restdocs.RestDocsTestExecutionListener, org.springframework.boot.test.autoconfigure.web.client.MockRestServiceServerResetTestExecutionListener, org.springframework.boot.test.autoconfigure.web.servlet.MockMvcPrintOnlyOnFailureTestExecutionListener, org.springframework.boot.test.autoconfigure.web.servlet.WebDriverTestExecutionListener, org.springframework.boot.test.mock.mockito.MockitoTestExecutionListener, org.springframework.boot.test.mock.mockito.ResetMocksTestExecutionListener, org.springframework.test.context.web.ServletTestExecutionListener, org.springframework.test.context.support.DirtiesContextBeforeModesTestExecutionListener, org.springframework.test.context.support.DependencyInjectionTestExecutionListener, org.springframework.test.context.support.DirtiesContextTestExecutionListener, org.springframework.test.context.transaction.TransactionalTestExecutionListener, org.springframework.test.context.jdbc.SqlScriptsTestExecutionListener]
21:01:18.275 [Test worker] DEBUG org.springframework.boot.test.context.SpringBootTestContextBootstrapper - Skipping candidate TestExecutionListener [org.springframework.test.context.web.ServletTestExecutionListener] due to a missing dependency. Specify custom listener classes or make the default listener classes and their required dependencies available. Offending class: [javax/servlet/ServletContext]
21:01:18.276 [Test worker] DEBUG org.springframework.boot.test.context.SpringBootTestContextBootstrapper - Skipping candidate TestExecutionListener [org.springframework.test.context.transaction.TransactionalTestExecutionListener] due to a missing dependency. Specify custom listener classes or make the default listener classes and their required dependencies available. Offending class: [org/springframework/transaction/interceptor/TransactionAttributeSource]
21:01:18.277 [Test worker] DEBUG org.springframework.boot.test.context.SpringBootTestContextBootstrapper - Skipping candidate TestExecutionListener [org.springframework.test.context.jdbc.SqlScriptsTestExecutionListener] due to a missing dependency. Specify custom listener classes or make the default listener classes and their required dependencies available. Offending class: [org/springframework/transaction/interceptor/TransactionAttribute]
21:01:18.277 [Test worker] INFO org.springframework.boot.test.context.SpringBootTestContextBootstrapper - Using TestExecutionListeners: [org.springframework.test.context.support.DirtiesContextBeforeModesTestExecutionListener@6502712d, org.springframework.boot.test.mock.mockito.MockitoTestExecutionListener@461911ec, org.springframework.boot.test.autoconfigure.SpringBootDependencyInjectionTestExecutionListener@405e0309, org.springframework.test.context.support.DirtiesContextTestExecutionListener@730fda53, org.springframework.boot.test.autoconfigure.restdocs.RestDocsTestExecutionListener@5724606, org.springframework.boot.test.autoconfigure.web.client.MockRestServiceServerResetTestExecutionListener@beab135, org.springframework.boot.test.autoconfigure.web.servlet.MockMvcPrintOnlyOnFailureTestExecutionListener@3b1cad0a, org.springframework.boot.test.autoconfigure.web.servlet.WebDriverTestExecutionListener@36cc3578, org.springframework.boot.test.mock.mockito.ResetMocksTestExecutionListener@219907d1]
21:01:18.280 [Test worker] DEBUG org.springframework.test.annotation.ProfileValueUtils - Retrieved @ProfileValueSourceConfiguration [null] for test class [com.albertocamillo.api.ApiApplicationTests]
21:01:18.280 [Test worker] DEBUG org.springframework.test.annotation.ProfileValueUtils - Retrieved ProfileValueSource type [class org.springframework.test.annotation.SystemProfileValueSource] for class [com.albertocamillo.api.ApiApplicationTests]
21:01:18.281 [Test worker] DEBUG org.springframework.test.annotation.ProfileValueUtils - Retrieved @ProfileValueSourceConfiguration [null] for test class [com.albertocamillo.api.ApiApplicationTests]
21:01:18.282 [Test worker] DEBUG org.springframework.test.annotation.ProfileValueUtils - Retrieved ProfileValueSource type [class org.springframework.test.annotation.SystemProfileValueSource] for class [com.albertocamillo.api.ApiApplicationTests]
21:01:18.286 [Test worker] DEBUG org.springframework.test.context.support.AbstractDirtiesContextTestExecutionListener - Before test class: context [DefaultTestContext@56033239 testClass = ApiApplicationTests, testInstance = [null], testMethod = [null], testException = [null], mergedContextConfiguration = [MergedContextConfiguration@7c13487 testClass = ApiApplicationTests, locations = '{}', classes = '{class com.albertocamillo.api.ApiApplication}', contextInitializerClasses = '[]', activeProfiles = '{}', propertySourceLocations = '{}', propertySourceProperties = '{org.springframework.boot.test.context.SpringBootTestContextBootstrapper=true}', contextCustomizers = set[org.springframework.boot.test.autoconfigure.properties.PropertyMappingContextCustomizer@0, org.springframework.boot.test.autoconfigure.web.servlet.WebDriverContextCustomizerFactory$Customizer@4cb2fa08, org.springframework.boot.test.context.filter.ExcludeFilterContextCustomizer@36c14fec, org.springframework.boot.test.json.DuplicateJsonObjectContextCustomizerFactory$DuplicateJsonObjectContextCustomizer@3ec686df, org.springframework.boot.test.mock.mockito.MockitoContextCustomizer@0, org.springframework.boot.test.web.client.TestRestTemplateContextCustomizer@78fc2e2d], contextLoader = 'org.springframework.boot.test.context.SpringBootContextLoader', parent = [null]], attributes = map[[empty]]], class annotated with @DirtiesContext [false] with mode [null].
21:01:18.287 [Test worker] DEBUG org.springframework.test.annotation.ProfileValueUtils - Retrieved @ProfileValueSourceConfiguration [null] for test class [com.albertocamillo.api.ApiApplicationTests]
21:01:18.287 [Test worker] DEBUG org.springframework.test.annotation.ProfileValueUtils - Retrieved ProfileValueSource type [class org.springframework.test.annotation.SystemProfileValueSource] for class [com.albertocamillo.api.ApiApplicationTests]
21:01:18.291 [Test worker] DEBUG org.springframework.test.context.support.DependencyInjectionTestExecutionListener - Performing dependency injection for test context [[DefaultTestContext@56033239 testClass = ApiApplicationTests, testInstance = com.albertocamillo.api.ApiApplicationTests@242cb7fa, testMethod = [null], testException = [null], mergedContextConfiguration = [MergedContextConfiguration@7c13487 testClass = ApiApplicationTests, locations = '{}', classes = '{class com.albertocamillo.api.ApiApplication}', contextInitializerClasses = '[]', activeProfiles = '{}', propertySourceLocations = '{}', propertySourceProperties = '{org.springframework.boot.test.context.SpringBootTestContextBootstrapper=true}', contextCustomizers = set[org.springframework.boot.test.autoconfigure.properties.PropertyMappingContextCustomizer@0, org.springframework.boot.test.autoconfigure.web.servlet.WebDriverContextCustomizerFactory$Customizer@4cb2fa08, org.springframework.boot.test.context.filter.ExcludeFilterContextCustomizer@36c14fec, org.springframework.boot.test.json.DuplicateJsonObjectContextCustomizerFactory$DuplicateJsonObjectContextCustomizer@3ec686df, org.springframework.boot.test.mock.mockito.MockitoContextCustomizer@0, org.springframework.boot.test.web.client.TestRestTemplateContextCustomizer@78fc2e2d], contextLoader = 'org.springframework.boot.test.context.SpringBootContextLoader', parent = [null]], attributes = map[[empty]]]].
21:01:18.308 [Test worker] DEBUG org.springframework.test.context.support.TestPropertySourceUtils - Adding inlined properties to environment: {spring.jmx.enabled=false, org.springframework.boot.test.context.SpringBootTestContextBootstrapper=true, server.port=-1}

  .   ____          _            __ _ _
 /\\ / ___'_ __ _ _(_)_ __  __ _ \ \ \ \
( ( )\___ | '_ | '_| | '_ \/ _` | \ \ \ \
 \\/  ___)| |_)| | | | | || (_| |  ) ) ) )
  '  |____| .__|_| |_|_| |_\__, | / / / /
 =========|_|==============|___/=/_/_/_/
 :: Spring Boot ::        (v2.1.4.RELEASE)

2019-05-15 21:01:18.533  INFO 14561 --- [    Test worker] c.a.api.ApiApplicationTests              : Starting ApiApplicationTests on Albertos-MBP.lan with PID 14561 (started by albertocamillo in /Users/albertocamillo/Documents/Kotlin/projects/api)
2019-05-15 21:01:18.534  INFO 14561 --- [    Test worker] c.a.api.ApiApplicationTests              : No active profile set, falling back to default profiles: default
2019-05-15 21:01:18.964  INFO 14561 --- [    Test worker] c.a.api.ApiApplicationTests              : Started ApiApplicationTests in 0.652 seconds (JVM running for 1.523)
]]></system-out>
  <system-err><![CDATA[]]></system-err>
</testsuite>
